[debug] [2021-09-19T06:18:56.779Z] ----------------------------------------------------------------------
[debug] [2021-09-19T06:18:56.781Z] Command:       C:\Program Files\nodejs\node.exe C:\Users\omarh\AppData\Roaming\npm\node_modules\firebase-tools\lib\bin\firebase.js deploy --only functions:ssr
[debug] [2021-09-19T06:18:56.781Z] CLI Version:   9.18.0
[debug] [2021-09-19T06:18:56.782Z] Platform:      win32
[debug] [2021-09-19T06:18:56.782Z] Node Version:  v14.17.5
[debug] [2021-09-19T06:18:56.782Z] Time:          Sun Sep 19 2021 09:18:56 GMT+0300 (توقيت شرق أوروبا الصيفي)
[debug] [2021-09-19T06:18:56.783Z] ----------------------------------------------------------------------
[debug] 
[debug] [2021-09-19T06:18:56.834Z] > command requires scopes: ["email","openid","https://www.googleapis.com/auth/cloudplatformprojects.readonly","https://www.googleapis.com/auth/firebase","https://www.googleapis.com/auth/cloud-platform"]
[debug] [2021-09-19T06:18:56.834Z] > authorizing via signed-in user (angular.army@gmail.com)
[debug] [2021-09-19T06:18:56.835Z] [iam] checking project ng-arab for permissions ["cloudfunctions.functions.create","cloudfunctions.functions.delete","cloudfunctions.functions.get","cloudfunctions.functions.list","cloudfunctions.functions.update","cloudfunctions.operations.get","firebase.projects.get"]
[debug] [2021-09-19T06:18:56.837Z] >>> HTTP REQUEST POST https://cloudresourcemanager.googleapis.com/v1/projects/ng-arab:testIamPermissions  
 {"permissions":["cloudfunctions.functions.create","cloudfunctions.functions.delete","cloudfunctions.functions.get","cloudfunctions.functions.list","cloudfunctions.functions.update","cloudfunctions.operations.get","firebase.projects.get"]}
[debug] [2021-09-19T06:18:57.588Z] <<< HTTP RESPONSE 200 {"content-type":"application/json; charset=UTF-8","vary":"X-Origin, Referer, Origin,Accept-Encoding","date":"Sun, 19 Sep 2021 06:18:57 GMT","server":"ESF","cache-control":"private","x-xss-protection":"0","x-frame-options":"SAMEORIGIN","x-content-type-options":"nosniff","server-timing":"gfet4t7; dur=712","alt-svc":"h3=\":443\"; ma=2592000,h3-29=\":443\"; ma=2592000,h3-T051=\":443\"; ma=2592000,h3-Q050=\":443\"; ma=2592000,h3-Q046=\":443\"; ma=2592000,h3-Q043=\":443\"; ma=2592000,quic=\":443\"; ma=2592000; v=\"46,43\"","accept-ranges":"none","transfer-encoding":"chunked"}
[debug] [2021-09-19T06:18:57.589Z] >>> HTTP REQUEST POST https://iam.googleapis.com/v1/projects/ng-arab/serviceAccounts/ng-arab@appspot.gserviceaccount.com:testIamPermissions  
 {"permissions":["iam.serviceAccounts.actAs"]}
[debug] [2021-09-19T06:18:58.280Z] <<< HTTP RESPONSE 200 {"content-type":"application/json; charset=UTF-8","vary":"X-Origin, Referer, Origin,Accept-Encoding","date":"Sun, 19 Sep 2021 06:18:58 GMT","server":"ESF","cache-control":"private","x-xss-protection":"0","x-frame-options":"SAMEORIGIN","x-content-type-options":"nosniff","alt-svc":"h3=\":443\"; ma=2592000,h3-29=\":443\"; ma=2592000,h3-T051=\":443\"; ma=2592000,h3-Q050=\":443\"; ma=2592000,h3-Q046=\":443\"; ma=2592000,h3-Q043=\":443\"; ma=2592000,quic=\":443\"; ma=2592000; v=\"46,43\"","accept-ranges":"none","transfer-encoding":"chunked"}
[info] 
[info] === Deploying to 'ng-arab'...
[info] 
[info] i  deploying functions 
[debug] [2021-09-19T06:18:58.284Z] Validating nodejs source
[debug] [2021-09-19T06:18:59.099Z] checkFunctionsSDKVersion encountered error: Invalid Version:  {}
[debug] [2021-09-19T06:18:59.100Z] > [functions] package.json contents: {
  "name": "functions",
  "description": "Angular Universal Application",
  "scripts": {
    "lint": "",
    "serve": "firebase serve --only functions",
    "shell": "firebase functions:shell",
    "start": "npm run shell",
    "deploy": "firebase deploy --only functions",
    "logs": "firebase functions:log"
  },
  "engines": {
    "node": "10"
  },
  "dependencies": {
    "firebase-admin": "8.13.0",
    "firebase-functions": "3.14.1",
    "@angular/animations": "12.2.0",
    "@angular/cdk": "^12.1.1",
    "@angular/common": "12.2.0",
    "@angular/compiler": "12.2.0",
    "@angular/core": "12.2.0",
    "@angular/fire": "^6.1.5",
    "@angular/forms": "12.2.0",
    "@angular/material": "12.2.0",
    "@angular/platform-browser": "12.2.0",
    "@angular/platform-browser-dynamic": "12.2.0",
    "@angular/platform-server": "12.2.0",
    "@angular/router": "12.2.0",
    "@ckeditor/ckeditor5-angular": "^2.0.1",
    "@ckeditor/ckeditor5-build-classic": "^29.0.0",
    "@ngrx/effects": "12.4.0",
    "@ngrx/store": "12.4.0",
    "@ngrx/store-devtools": "12.4.0",
    "@nguniversal/express-engine": "^12.1.0",
    "@nrwl/angular": "12.9.0",
    "express": "^4.15.2",
    "firebase": "^7.0 || ^8.0",
    "fs-extra": "^10.0.0",
    "rxjs": "~6.6.0",
    "tslib": "^2.0.0",
    "zone.js": "0.11.4"
  },
  "devDependencies": {
    "firebase-functions-test": "0.2.3"
  },
  "private": true
}
[debug] [2021-09-19T06:18:59.100Z] Building nodejs source
[info] i  functions: ensuring required API cloudfunctions.googleapis.com is enabled... 
[info] i  functions: ensuring required API cloudbuild.googleapis.com is enabled... 
[debug] [2021-09-19T06:18:59.103Z] >>> HTTP REQUEST GET https://serviceusage.googleapis.com/v1/projects/ng-arab/services/cloudfunctions.googleapis.com  
 
[debug] [2021-09-19T06:18:59.103Z] >>> HTTP REQUEST GET https://serviceusage.googleapis.com/v1/projects/ng-arab/services/runtimeconfig.googleapis.com  
 
[debug] [2021-09-19T06:18:59.104Z] >>> HTTP REQUEST GET https://serviceusage.googleapis.com/v1/projects/ng-arab/services/cloudbuild.googleapis.com  
 
[debug] [2021-09-19T06:19:00.015Z] <<< HTTP RESPONSE 200 {"content-type":"application/json; charset=UTF-8","vary":"X-Origin, Referer, Origin,Accept-Encoding","date":"Sun, 19 Sep 2021 06:18:59 GMT","server":"ESF","cache-control":"private","x-xss-protection":"0","x-frame-options":"SAMEORIGIN","x-content-type-options":"nosniff","alt-svc":"h3=\":443\"; ma=2592000,h3-29=\":443\"; ma=2592000,h3-T051=\":443\"; ma=2592000,h3-Q050=\":443\"; ma=2592000,h3-Q046=\":443\"; ma=2592000,h3-Q043=\":443\"; ma=2592000,quic=\":443\"; ma=2592000; v=\"46,43\"","accept-ranges":"none","transfer-encoding":"chunked"}
[debug] [2021-09-19T06:19:00.023Z] <<< HTTP RESPONSE 200 {"content-type":"application/json; charset=UTF-8","vary":"X-Origin, Referer, Origin,Accept-Encoding","date":"Sun, 19 Sep 2021 06:18:59 GMT","server":"ESF","cache-control":"private","x-xss-protection":"0","x-frame-options":"SAMEORIGIN","x-content-type-options":"nosniff","alt-svc":"h3=\":443\"; ma=2592000,h3-29=\":443\"; ma=2592000,h3-T051=\":443\"; ma=2592000,h3-Q050=\":443\"; ma=2592000,h3-Q046=\":443\"; ma=2592000,h3-Q043=\":443\"; ma=2592000,quic=\":443\"; ma=2592000; v=\"46,43\"","accept-ranges":"none","transfer-encoding":"chunked"}
[info] +  functions: required API cloudfunctions.googleapis.com is enabled 
[debug] [2021-09-19T06:19:00.067Z] <<< HTTP RESPONSE 200 {"content-type":"application/json; charset=UTF-8","vary":"X-Origin, Referer, Origin,Accept-Encoding","date":"Sun, 19 Sep 2021 06:19:00 GMT","server":"ESF","cache-control":"private","x-xss-protection":"0","x-frame-options":"SAMEORIGIN","x-content-type-options":"nosniff","alt-svc":"h3=\":443\"; ma=2592000,h3-29=\":443\"; ma=2592000,h3-T051=\":443\"; ma=2592000,h3-Q050=\":443\"; ma=2592000,h3-Q046=\":443\"; ma=2592000,h3-Q043=\":443\"; ma=2592000,quic=\":443\"; ma=2592000; v=\"46,43\"","accept-ranges":"none","transfer-encoding":"chunked"}
[info] +  functions: required API cloudbuild.googleapis.com is enabled 
[debug] [2021-09-19T06:19:00.068Z] >>> HTTP REQUEST GET https://firebase.googleapis.com/v1beta1/projects/ng-arab/adminSdkConfig  
 
[debug] [2021-09-19T06:19:00.407Z] <<< HTTP RESPONSE 200 {"content-type":"application/json; charset=UTF-8","vary":"X-Origin, Referer, Origin,Accept-Encoding","date":"Sun, 19 Sep 2021 06:19:00 GMT","server":"ESF","cache-control":"private","x-xss-protection":"0","x-frame-options":"SAMEORIGIN","x-content-type-options":"nosniff","alt-svc":"h3=\":443\"; ma=2592000,h3-29=\":443\"; ma=2592000,h3-T051=\":443\"; ma=2592000,h3-Q050=\":443\"; ma=2592000,h3-Q046=\":443\"; ma=2592000,h3-Q043=\":443\"; ma=2592000,quic=\":443\"; ma=2592000; v=\"46,43\"","accept-ranges":"none","transfer-encoding":"chunked"}
[debug] [2021-09-19T06:19:00.408Z] >>> HTTP REQUEST GET https://runtimeconfig.googleapis.com/v1beta1/projects/ng-arab/configs  
 
[debug] [2021-09-19T06:19:01.134Z] <<< HTTP RESPONSE 200 {"content-type":"application/json; charset=UTF-8","vary":"X-Origin, Referer, Origin,Accept-Encoding","date":"Sun, 19 Sep 2021 06:19:01 GMT","server":"ESF","cache-control":"private","x-xss-protection":"0","x-frame-options":"SAMEORIGIN","x-content-type-options":"nosniff","alt-svc":"h3=\":443\"; ma=2592000,h3-29=\":443\"; ma=2592000,h3-T051=\":443\"; ma=2592000,h3-Q050=\":443\"; ma=2592000,h3-Q046=\":443\"; ma=2592000,h3-Q043=\":443\"; ma=2592000,quic=\":443\"; ma=2592000; v=\"46,43\"","accept-ranges":"none","transfer-encoding":"chunked"}
[debug] [2021-09-19T06:19:01.137Z] Analyzing nodejs backend spec
[info] i  functions: preparing dist/user directory for uploading... 
[info] i  functions: packaged dist/user (1.14 MB) for uploading 
[debug] [2021-09-19T06:19:01.582Z] >>> HTTP REQUEST GET https://cloudfunctions.googleapis.com/v1/projects/ng-arab/locations/-/functions  
 
[debug] [2021-09-19T06:19:02.295Z] <<< HTTP RESPONSE 200 {"content-type":"application/json; charset=UTF-8","vary":"X-Origin, Referer, Origin,Accept-Encoding","date":"Sun, 19 Sep 2021 06:19:02 GMT","server":"ESF","cache-control":"private","x-xss-protection":"0","x-frame-options":"SAMEORIGIN","x-content-type-options":"nosniff","alt-svc":"h3=\":443\"; ma=2592000,h3-29=\":443\"; ma=2592000,h3-T051=\":443\"; ma=2592000,h3-Q050=\":443\"; ma=2592000,h3-Q046=\":443\"; ma=2592000,h3-Q043=\":443\"; ma=2592000,quic=\":443\"; ma=2592000; v=\"46,43\"","accept-ranges":"none","transfer-encoding":"chunked"}
[debug] [2021-09-19T06:19:02.296Z] >>> HTTP REQUEST POST https://cloudfunctions.googleapis.com/v1/projects/ng-arab/locations/us-central1/functions:generateUploadUrl  
 
[debug] [2021-09-19T06:19:02.976Z] <<< HTTP RESPONSE 200 {"content-type":"application/json; charset=UTF-8","vary":"X-Origin, Referer, Origin,Accept-Encoding","date":"Sun, 19 Sep 2021 06:19:02 GMT","server":"ESF","cache-control":"private","x-xss-protection":"0","x-frame-options":"SAMEORIGIN","x-content-type-options":"nosniff","alt-svc":"h3=\":443\"; ma=2592000,h3-29=\":443\"; ma=2592000,h3-T051=\":443\"; ma=2592000,h3-Q050=\":443\"; ma=2592000,h3-Q046=\":443\"; ma=2592000,h3-Q043=\":443\"; ma=2592000,quic=\":443\"; ma=2592000; v=\"46,43\"","accept-ranges":"none","transfer-encoding":"chunked"}
[debug] [2021-09-19T06:19:02.977Z] >>> HTTP REQUEST PUT https://storage.googleapis.com/gcf-upload-us-central1-3133a16f-99d8-4943-80db-fd6f1f06e3ff/91ffbd77-ed72-46f0-be9c-352028b385a9.zip?GoogleAccessId=service-221372823094@gcf-admin-robot.iam.gserviceaccount.com&Expires=1632034142&Signature=1G%2F6ir%2B5fXuvG5UIVRq8NmLzLsBrJY%2FL9Hz0N8TvfmKdDcypAy%2BgoVZ%2Fk8RiOtmMi8qrT%2BSbSlkXVWo1A0wuAsFPL19RufPbJLW37I%2FxtLGGHn43nwclpFpTGqrgHMbFF1tsvrzARBfrEzP7y76IVXD4Y9p0m9%2FZsjvwtqWU0OdRAlofXkzI0Y0HoGDMzXavYZ4XtyOSXyinY3Oc4x8A1spq0GmhwW9QMASZ9kSIR03JeqfNlKqfc95lrl5IG6bYEao5dg8B8my7iip5o8QRNqOuL7uoh4%2Bpt2119IKasJgoLhLumq06C3EGtp1QJC%2FSCRcgO4KlRF80rQrq%2FGI7Pw%3D%3D  
 <request body omitted>
[debug] [2021-09-19T06:19:03.524Z] <<< HTTP RESPONSE 200 {"x-guploader-uploadid":"ADPycdtZvLPHd9qG1-oK5xvAEIOSDj_oRXISKuj5d-ZLhbHVfbz_n0pDFIdZa8h2MAvUvoMmqf8v6HXPMbIO6mDnSiM","etag":"\"e95848bfc7f0de3548010660be099228\"","x-goog-generation":"1632032343480384","x-goog-metageneration":"1","x-goog-hash":"crc32c=in4npQ==, md5=6VhIv8fw3jVIAQZgvgmSKA==","x-goog-stored-content-length":"1194981","x-goog-stored-content-encoding":"identity","vary":"Origin","content-length":"0","date":"Sun, 19 Sep 2021 06:19:03 GMT","server":"UploadServer","content-type":"text/html; charset=UTF-8","alt-svc":"h3=\":443\"; ma=2592000,h3-29=\":443\"; ma=2592000,h3-T051=\":443\"; ma=2592000,h3-Q050=\":443\"; ma=2592000,h3-Q046=\":443\"; ma=2592000,h3-Q043=\":443\"; ma=2592000,quic=\":443\"; ma=2592000; v=\"46,43\""}
[info] +  functions: dist/user folder uploaded successfully 
[info] i  functions: updating Node.js 10 function ssr(us-central1)... 
[debug] [2021-09-19T06:19:03.529Z] >>> HTTP REQUEST PATCH https://cloudfunctions.googleapis.com/v1/projects/ng-arab/locations/us-central1/functions/ssr {"updateMask":"name,sourceUploadUrl,entryPoint,runtime,httpsTrigger,labels,environmentVariables"} 
 {"name":"projects/ng-arab/locations/us-central1/functions/ssr","sourceUploadUrl":"https://storage.googleapis.com/gcf-upload-us-central1-3133a16f-99d8-4943-80db-fd6f1f06e3ff/91ffbd77-ed72-46f0-be9c-352028b385a9.zip?GoogleAccessId=service-221372823094@gcf-admin-robot.iam.gserviceaccount.com&Expires=1632034142&Signature=1G%2F6ir%2B5fXuvG5UIVRq8NmLzLsBrJY%2FL9Hz0N8TvfmKdDcypAy%2BgoVZ%2Fk8RiOtmMi8qrT%2BSbSlkXVWo1A0wuAsFPL19RufPbJLW37I%2FxtLGGHn43nwclpFpTGqrgHMbFF1tsvrzARBfrEzP7y76IVXD4Y9p0m9%2FZsjvwtqWU0OdRAlofXkzI0Y0HoGDMzXavYZ4XtyOSXyinY3Oc4x8A1spq0GmhwW9QMASZ9kSIR03JeqfNlKqfc95lrl5IG6bYEao5dg8B8my7iip5o8QRNqOuL7uoh4%2Bpt2119IKasJgoLhLumq06C3EGtp1QJC%2FSCRcgO4KlRF80rQrq%2FGI7Pw%3D%3D","entryPoint":"ssr","runtime":"nodejs10","httpsTrigger":{},"labels":{"deployment-tool":"cli-firebase"},"environmentVariables":{"FIREBASE_CONFIG":"{\"projectId\":\"ng-arab\",\"storageBucket\":\"ng-arab.appspot.com\"}","GCLOUD_PROJECT":"ng-arab"}}
[debug] [2021-09-19T06:19:04.092Z] <<< HTTP RESPONSE 200 {"content-type":"application/json; charset=UTF-8","vary":"X-Origin, Referer, Origin,Accept-Encoding","date":"Sun, 19 Sep 2021 06:19:04 GMT","server":"ESF","cache-control":"private","x-xss-protection":"0","x-frame-options":"SAMEORIGIN","x-content-type-options":"nosniff","alt-svc":"h3=\":443\"; ma=2592000,h3-29=\":443\"; ma=2592000,h3-T051=\":443\"; ma=2592000,h3-Q050=\":443\"; ma=2592000,h3-Q046=\":443\"; ma=2592000,h3-Q043=\":443\"; ma=2592000,quic=\":443\"; ma=2592000; v=\"46,43\"","accept-ranges":"none","transfer-encoding":"chunked"}
[debug] [2021-09-19T06:19:04.093Z] > refreshing access token with scopes: []
[debug] [2021-09-19T06:19:04.094Z] >>> HTTP REQUEST POST https://www.googleapis.com/oauth2/v3/token  
 <request body omitted>
[debug] [2021-09-19T06:19:04.131Z] <<< HTTP RESPONSE 200 {"cache-control":"no-cache, no-store, max-age=0, must-revalidate","pragma":"no-cache","date":"Sun, 19 Sep 2021 06:19:04 GMT","expires":"Mon, 01 Jan 1990 00:00:00 GMT","content-type":"application/json; charset=utf-8","vary":"X-Origin, Referer, Origin,Accept-Encoding","server":"scaffolding on HTTPServer2","x-xss-protection":"0","x-frame-options":"SAMEORIGIN","x-content-type-options":"nosniff","alt-svc":"h3=\":443\"; ma=2592000,h3-29=\":443\"; ma=2592000,h3-T051=\":443\"; ma=2592000,h3-Q050=\":443\"; ma=2592000,h3-Q046=\":443\"; ma=2592000,h3-Q043=\":443\"; ma=2592000,quic=\":443\"; ma=2592000; v=\"46,43\"","accept-ranges":"none","transfer-encoding":"chunked"}
[debug] [2021-09-19T06:19:04.170Z] >>> [apiv2][query] GET https://cloudfunctions.googleapis.com/v1/operations/bmctYXJhYi91cy1jZW50cmFsMS9zc3IvQ0hwVTd0b011cUE [none]
[debug] [2021-09-19T06:19:04.549Z] <<< [apiv2][status] GET https://cloudfunctions.googleapis.com/v1/operations/bmctYXJhYi91cy1jZW50cmFsMS9zc3IvQ0hwVTd0b011cUE 200
[debug] [2021-09-19T06:19:04.549Z] <<< [apiv2][body] GET https://cloudfunctions.googleapis.com/v1/operations/bmctYXJhYi91cy1jZW50cmFsMS9zc3IvQ0hwVTd0b011cUE {"name":"operations/bmctYXJhYi91cy1jZW50cmFsMS9zc3IvQ0hwVTd0b011cUE","metadata":{"@type":"type.googleapis.com/google.cloud.functions.v1.OperationMetadataV1","target":"projects/ng-arab/locations/us-central1/functions/ssr","type":"UPDATE_FUNCTION","request":{"@type":"type.googleapis.com/google.cloud.functions.v1.CloudFunction","name":"projects/ng-arab/locations/us-central1/functions/ssr","httpsTrigger":{},"status":"ACTIVE","entryPoint":"ssr","timeout":"60s","availableMemoryMb":256,"serviceAccountEmail":"ng-arab@appspot.gserviceaccount.com","updateTime":"2021-09-19T06:14:41.635Z","versionId":"41","labels":{"deployment-tool":"cli-firebase"},"sourceUploadUrl":"https://storage.googleapis.com/gcf-upload-us-central1-3133a16f-99d8-4943-80db-fd6f1f06e3ff/91ffbd77-ed72-46f0-be9c-352028b385a9.zip?GoogleAccessId=service-221372823094@gcf-admin-robot.iam.gserviceaccount.com&Expires=1632034142&Signature=1G%2F6ir%2B5fXuvG5UIVRq8NmLzLsBrJY%2FL9Hz0N8TvfmKdDcypAy%2BgoVZ%2Fk8RiOtmMi8qrT%2BSbSlkXVWo1A0wuAsFPL19RufPbJLW37I%2FxtLGGHn43nwclpFpTGqrgHMbFF1tsvrzARBfrEzP7y76IVXD4Y9p0m9%2FZsjvwtqWU0OdRAlofXkzI0Y0HoGDMzXavYZ4XtyOSXyinY3Oc4x8A1spq0GmhwW9QMASZ9kSIR03JeqfNlKqfc95lrl5IG6bYEao5dg8B8my7iip5o8QRNqOuL7uoh4%2Bpt2119IKasJgoLhLumq06C3EGtp1QJC%2FSCRcgO4KlRF80rQrq%2FGI7Pw%3D%3D","environmentVariables":{"FIREBASE_CONFIG":"{\"projectId\":\"ng-arab\",\"storageBucket\":\"ng-arab.appspot.com\"}","GCLOUD_PROJECT":"ng-arab"},"runtime":"nodejs10","ingressSettings":"ALLOW_ALL","buildId":"c2fc1751-280f-4df0-8448-a02c7e9b9f03","buildName":"projects/221372823094/locations/us-central1/builds/c2fc1751-280f-4df0-8448-a02c7e9b9f03"},"versionId":"42","updateTime":"2021-09-19T06:19:04Z","buildName":"projects/221372823094/locations/us-central1/builds/c2fc1751-280f-4df0-8448-a02c7e9b9f03"}}
[debug] [2021-09-19T06:19:05.060Z] [update-projects/ng-arab/locations/us-central1/functions/ssr] Retrying task index 0
[debug] [2021-09-19T06:19:05.061Z] >>> [apiv2][query] GET https://cloudfunctions.googleapis.com/v1/operations/bmctYXJhYi91cy1jZW50cmFsMS9zc3IvQ0hwVTd0b011cUE [none]
[debug] [2021-09-19T06:19:05.469Z] <<< [apiv2][status] GET https://cloudfunctions.googleapis.com/v1/operations/bmctYXJhYi91cy1jZW50cmFsMS9zc3IvQ0hwVTd0b011cUE 200
[debug] [2021-09-19T06:19:05.469Z] <<< [apiv2][body] GET https://cloudfunctions.googleapis.com/v1/operations/bmctYXJhYi91cy1jZW50cmFsMS9zc3IvQ0hwVTd0b011cUE {"name":"operations/bmctYXJhYi91cy1jZW50cmFsMS9zc3IvQ0hwVTd0b011cUE","metadata":{"@type":"type.googleapis.com/google.cloud.functions.v1.OperationMetadataV1","target":"projects/ng-arab/locations/us-central1/functions/ssr","type":"UPDATE_FUNCTION","request":{"@type":"type.googleapis.com/google.cloud.functions.v1.CloudFunction","name":"projects/ng-arab/locations/us-central1/functions/ssr","httpsTrigger":{},"status":"ACTIVE","entryPoint":"ssr","timeout":"60s","availableMemoryMb":256,"serviceAccountEmail":"ng-arab@appspot.gserviceaccount.com","updateTime":"2021-09-19T06:14:41.635Z","versionId":"41","labels":{"deployment-tool":"cli-firebase"},"sourceUploadUrl":"https://storage.googleapis.com/gcf-upload-us-central1-3133a16f-99d8-4943-80db-fd6f1f06e3ff/91ffbd77-ed72-46f0-be9c-352028b385a9.zip?GoogleAccessId=service-221372823094@gcf-admin-robot.iam.gserviceaccount.com&Expires=1632034142&Signature=1G%2F6ir%2B5fXuvG5UIVRq8NmLzLsBrJY%2FL9Hz0N8TvfmKdDcypAy%2BgoVZ%2Fk8RiOtmMi8qrT%2BSbSlkXVWo1A0wuAsFPL19RufPbJLW37I%2FxtLGGHn43nwclpFpTGqrgHMbFF1tsvrzARBfrEzP7y76IVXD4Y9p0m9%2FZsjvwtqWU0OdRAlofXkzI0Y0HoGDMzXavYZ4XtyOSXyinY3Oc4x8A1spq0GmhwW9QMASZ9kSIR03JeqfNlKqfc95lrl5IG6bYEao5dg8B8my7iip5o8QRNqOuL7uoh4%2Bpt2119IKasJgoLhLumq06C3EGtp1QJC%2FSCRcgO4KlRF80rQrq%2FGI7Pw%3D%3D","environmentVariables":{"FIREBASE_CONFIG":"{\"projectId\":\"ng-arab\",\"storageBucket\":\"ng-arab.appspot.com\"}","GCLOUD_PROJECT":"ng-arab"},"runtime":"nodejs10","ingressSettings":"ALLOW_ALL","buildId":"c2fc1751-280f-4df0-8448-a02c7e9b9f03","buildName":"projects/221372823094/locations/us-central1/builds/c2fc1751-280f-4df0-8448-a02c7e9b9f03"},"versionId":"42","updateTime":"2021-09-19T06:19:04Z","buildId":"46a83628-221f-47ee-9b37-464fe2fb4225","buildName":"projects/221372823094/locations/us-central1/builds/46a83628-221f-47ee-9b37-464fe2fb4225"}}
[debug] [2021-09-19T06:19:06.476Z] [update-projects/ng-arab/locations/us-central1/functions/ssr] Retrying task index 0
[debug] [2021-09-19T06:19:06.477Z] >>> [apiv2][query] GET https://cloudfunctions.googleapis.com/v1/operations/bmctYXJhYi91cy1jZW50cmFsMS9zc3IvQ0hwVTd0b011cUE [none]
[debug] [2021-09-19T06:19:06.855Z] <<< [apiv2][status] GET https://cloudfunctions.googleapis.com/v1/operations/bmctYXJhYi91cy1jZW50cmFsMS9zc3IvQ0hwVTd0b011cUE 200
[debug] [2021-09-19T06:19:06.855Z] <<< [apiv2][body] GET https://cloudfunctions.googleapis.com/v1/operations/bmctYXJhYi91cy1jZW50cmFsMS9zc3IvQ0hwVTd0b011cUE {"name":"operations/bmctYXJhYi91cy1jZW50cmFsMS9zc3IvQ0hwVTd0b011cUE","metadata":{"@type":"type.googleapis.com/google.cloud.functions.v1.OperationMetadataV1","target":"projects/ng-arab/locations/us-central1/functions/ssr","type":"UPDATE_FUNCTION","request":{"@type":"type.googleapis.com/google.cloud.functions.v1.CloudFunction","name":"projects/ng-arab/locations/us-central1/functions/ssr","httpsTrigger":{},"status":"ACTIVE","entryPoint":"ssr","timeout":"60s","availableMemoryMb":256,"serviceAccountEmail":"ng-arab@appspot.gserviceaccount.com","updateTime":"2021-09-19T06:14:41.635Z","versionId":"41","labels":{"deployment-tool":"cli-firebase"},"sourceUploadUrl":"https://storage.googleapis.com/gcf-upload-us-central1-3133a16f-99d8-4943-80db-fd6f1f06e3ff/91ffbd77-ed72-46f0-be9c-352028b385a9.zip?GoogleAccessId=service-221372823094@gcf-admin-robot.iam.gserviceaccount.com&Expires=1632034142&Signature=1G%2F6ir%2B5fXuvG5UIVRq8NmLzLsBrJY%2FL9Hz0N8TvfmKdDcypAy%2BgoVZ%2Fk8RiOtmMi8qrT%2BSbSlkXVWo1A0wuAsFPL19RufPbJLW37I%2FxtLGGHn43nwclpFpTGqrgHMbFF1tsvrzARBfrEzP7y76IVXD4Y9p0m9%2FZsjvwtqWU0OdRAlofXkzI0Y0HoGDMzXavYZ4XtyOSXyinY3Oc4x8A1spq0GmhwW9QMASZ9kSIR03JeqfNlKqfc95lrl5IG6bYEao5dg8B8my7iip5o8QRNqOuL7uoh4%2Bpt2119IKasJgoLhLumq06C3EGtp1QJC%2FSCRcgO4KlRF80rQrq%2FGI7Pw%3D%3D","environmentVariables":{"FIREBASE_CONFIG":"{\"projectId\":\"ng-arab\",\"storageBucket\":\"ng-arab.appspot.com\"}","GCLOUD_PROJECT":"ng-arab"},"runtime":"nodejs10","ingressSettings":"ALLOW_ALL","buildId":"c2fc1751-280f-4df0-8448-a02c7e9b9f03","buildName":"projects/221372823094/locations/us-central1/builds/c2fc1751-280f-4df0-8448-a02c7e9b9f03"},"versionId":"42","updateTime":"2021-09-19T06:19:04Z","buildId":"46a83628-221f-47ee-9b37-464fe2fb4225","buildName":"projects/221372823094/locations/us-central1/builds/46a83628-221f-47ee-9b37-464fe2fb4225"}}
[debug] [2021-09-19T06:19:08.868Z] [update-projects/ng-arab/locations/us-central1/functions/ssr] Retrying task index 0
[debug] [2021-09-19T06:19:08.869Z] >>> [apiv2][query] GET https://cloudfunctions.googleapis.com/v1/operations/bmctYXJhYi91cy1jZW50cmFsMS9zc3IvQ0hwVTd0b011cUE [none]
[debug] [2021-09-19T06:19:09.231Z] <<< [apiv2][status] GET https://cloudfunctions.googleapis.com/v1/operations/bmctYXJhYi91cy1jZW50cmFsMS9zc3IvQ0hwVTd0b011cUE 200
[debug] [2021-09-19T06:19:09.232Z] <<< [apiv2][body] GET https://cloudfunctions.googleapis.com/v1/operations/bmctYXJhYi91cy1jZW50cmFsMS9zc3IvQ0hwVTd0b011cUE {"name":"operations/bmctYXJhYi91cy1jZW50cmFsMS9zc3IvQ0hwVTd0b011cUE","metadata":{"@type":"type.googleapis.com/google.cloud.functions.v1.OperationMetadataV1","target":"projects/ng-arab/locations/us-central1/functions/ssr","type":"UPDATE_FUNCTION","request":{"@type":"type.googleapis.com/google.cloud.functions.v1.CloudFunction","name":"projects/ng-arab/locations/us-central1/functions/ssr","httpsTrigger":{},"status":"ACTIVE","entryPoint":"ssr","timeout":"60s","availableMemoryMb":256,"serviceAccountEmail":"ng-arab@appspot.gserviceaccount.com","updateTime":"2021-09-19T06:14:41.635Z","versionId":"41","labels":{"deployment-tool":"cli-firebase"},"sourceUploadUrl":"https://storage.googleapis.com/gcf-upload-us-central1-3133a16f-99d8-4943-80db-fd6f1f06e3ff/91ffbd77-ed72-46f0-be9c-352028b385a9.zip?GoogleAccessId=service-221372823094@gcf-admin-robot.iam.gserviceaccount.com&Expires=1632034142&Signature=1G%2F6ir%2B5fXuvG5UIVRq8NmLzLsBrJY%2FL9Hz0N8TvfmKdDcypAy%2BgoVZ%2Fk8RiOtmMi8qrT%2BSbSlkXVWo1A0wuAsFPL19RufPbJLW37I%2FxtLGGHn43nwclpFpTGqrgHMbFF1tsvrzARBfrEzP7y76IVXD4Y9p0m9%2FZsjvwtqWU0OdRAlofXkzI0Y0HoGDMzXavYZ4XtyOSXyinY3Oc4x8A1spq0GmhwW9QMASZ9kSIR03JeqfNlKqfc95lrl5IG6bYEao5dg8B8my7iip5o8QRNqOuL7uoh4%2Bpt2119IKasJgoLhLumq06C3EGtp1QJC%2FSCRcgO4KlRF80rQrq%2FGI7Pw%3D%3D","environmentVariables":{"FIREBASE_CONFIG":"{\"projectId\":\"ng-arab\",\"storageBucket\":\"ng-arab.appspot.com\"}","GCLOUD_PROJECT":"ng-arab"},"runtime":"nodejs10","ingressSettings":"ALLOW_ALL","buildId":"c2fc1751-280f-4df0-8448-a02c7e9b9f03","buildName":"projects/221372823094/locations/us-central1/builds/c2fc1751-280f-4df0-8448-a02c7e9b9f03"},"versionId":"42","updateTime":"2021-09-19T06:19:04Z","buildId":"46a83628-221f-47ee-9b37-464fe2fb4225","buildName":"projects/221372823094/locations/us-central1/builds/46a83628-221f-47ee-9b37-464fe2fb4225"}}
[debug] [2021-09-19T06:19:13.234Z] [update-projects/ng-arab/locations/us-central1/functions/ssr] Retrying task index 0
[debug] [2021-09-19T06:19:13.235Z] >>> [apiv2][query] GET https://cloudfunctions.googleapis.com/v1/operations/bmctYXJhYi91cy1jZW50cmFsMS9zc3IvQ0hwVTd0b011cUE [none]
[debug] [2021-09-19T06:19:13.606Z] <<< [apiv2][status] GET https://cloudfunctions.googleapis.com/v1/operations/bmctYXJhYi91cy1jZW50cmFsMS9zc3IvQ0hwVTd0b011cUE 200
[debug] [2021-09-19T06:19:13.606Z] <<< [apiv2][body] GET https://cloudfunctions.googleapis.com/v1/operations/bmctYXJhYi91cy1jZW50cmFsMS9zc3IvQ0hwVTd0b011cUE {"name":"operations/bmctYXJhYi91cy1jZW50cmFsMS9zc3IvQ0hwVTd0b011cUE","metadata":{"@type":"type.googleapis.com/google.cloud.functions.v1.OperationMetadataV1","target":"projects/ng-arab/locations/us-central1/functions/ssr","type":"UPDATE_FUNCTION","request":{"@type":"type.googleapis.com/google.cloud.functions.v1.CloudFunction","name":"projects/ng-arab/locations/us-central1/functions/ssr","httpsTrigger":{},"status":"ACTIVE","entryPoint":"ssr","timeout":"60s","availableMemoryMb":256,"serviceAccountEmail":"ng-arab@appspot.gserviceaccount.com","updateTime":"2021-09-19T06:14:41.635Z","versionId":"41","labels":{"deployment-tool":"cli-firebase"},"sourceUploadUrl":"https://storage.googleapis.com/gcf-upload-us-central1-3133a16f-99d8-4943-80db-fd6f1f06e3ff/91ffbd77-ed72-46f0-be9c-352028b385a9.zip?GoogleAccessId=service-221372823094@gcf-admin-robot.iam.gserviceaccount.com&Expires=1632034142&Signature=1G%2F6ir%2B5fXuvG5UIVRq8NmLzLsBrJY%2FL9Hz0N8TvfmKdDcypAy%2BgoVZ%2Fk8RiOtmMi8qrT%2BSbSlkXVWo1A0wuAsFPL19RufPbJLW37I%2FxtLGGHn43nwclpFpTGqrgHMbFF1tsvrzARBfrEzP7y76IVXD4Y9p0m9%2FZsjvwtqWU0OdRAlofXkzI0Y0HoGDMzXavYZ4XtyOSXyinY3Oc4x8A1spq0GmhwW9QMASZ9kSIR03JeqfNlKqfc95lrl5IG6bYEao5dg8B8my7iip5o8QRNqOuL7uoh4%2Bpt2119IKasJgoLhLumq06C3EGtp1QJC%2FSCRcgO4KlRF80rQrq%2FGI7Pw%3D%3D","environmentVariables":{"FIREBASE_CONFIG":"{\"projectId\":\"ng-arab\",\"storageBucket\":\"ng-arab.appspot.com\"}","GCLOUD_PROJECT":"ng-arab"},"runtime":"nodejs10","ingressSettings":"ALLOW_ALL","buildId":"c2fc1751-280f-4df0-8448-a02c7e9b9f03","buildName":"projects/221372823094/locations/us-central1/builds/c2fc1751-280f-4df0-8448-a02c7e9b9f03"},"versionId":"42","updateTime":"2021-09-19T06:19:04Z","buildId":"46a83628-221f-47ee-9b37-464fe2fb4225","buildName":"projects/221372823094/locations/us-central1/builds/46a83628-221f-47ee-9b37-464fe2fb4225"}}
[debug] [2021-09-19T06:19:21.609Z] [update-projects/ng-arab/locations/us-central1/functions/ssr] Retrying task index 0
[debug] [2021-09-19T06:19:21.610Z] >>> [apiv2][query] GET https://cloudfunctions.googleapis.com/v1/operations/bmctYXJhYi91cy1jZW50cmFsMS9zc3IvQ0hwVTd0b011cUE [none]
[debug] [2021-09-19T06:19:21.981Z] <<< [apiv2][status] GET https://cloudfunctions.googleapis.com/v1/operations/bmctYXJhYi91cy1jZW50cmFsMS9zc3IvQ0hwVTd0b011cUE 200
[debug] [2021-09-19T06:19:21.981Z] <<< [apiv2][body] GET https://cloudfunctions.googleapis.com/v1/operations/bmctYXJhYi91cy1jZW50cmFsMS9zc3IvQ0hwVTd0b011cUE {"name":"operations/bmctYXJhYi91cy1jZW50cmFsMS9zc3IvQ0hwVTd0b011cUE","metadata":{"@type":"type.googleapis.com/google.cloud.functions.v1.OperationMetadataV1","target":"projects/ng-arab/locations/us-central1/functions/ssr","type":"UPDATE_FUNCTION","request":{"@type":"type.googleapis.com/google.cloud.functions.v1.CloudFunction","name":"projects/ng-arab/locations/us-central1/functions/ssr","httpsTrigger":{},"status":"ACTIVE","entryPoint":"ssr","timeout":"60s","availableMemoryMb":256,"serviceAccountEmail":"ng-arab@appspot.gserviceaccount.com","updateTime":"2021-09-19T06:14:41.635Z","versionId":"41","labels":{"deployment-tool":"cli-firebase"},"sourceUploadUrl":"https://storage.googleapis.com/gcf-upload-us-central1-3133a16f-99d8-4943-80db-fd6f1f06e3ff/91ffbd77-ed72-46f0-be9c-352028b385a9.zip?GoogleAccessId=service-221372823094@gcf-admin-robot.iam.gserviceaccount.com&Expires=1632034142&Signature=1G%2F6ir%2B5fXuvG5UIVRq8NmLzLsBrJY%2FL9Hz0N8TvfmKdDcypAy%2BgoVZ%2Fk8RiOtmMi8qrT%2BSbSlkXVWo1A0wuAsFPL19RufPbJLW37I%2FxtLGGHn43nwclpFpTGqrgHMbFF1tsvrzARBfrEzP7y76IVXD4Y9p0m9%2FZsjvwtqWU0OdRAlofXkzI0Y0HoGDMzXavYZ4XtyOSXyinY3Oc4x8A1spq0GmhwW9QMASZ9kSIR03JeqfNlKqfc95lrl5IG6bYEao5dg8B8my7iip5o8QRNqOuL7uoh4%2Bpt2119IKasJgoLhLumq06C3EGtp1QJC%2FSCRcgO4KlRF80rQrq%2FGI7Pw%3D%3D","environmentVariables":{"FIREBASE_CONFIG":"{\"projectId\":\"ng-arab\",\"storageBucket\":\"ng-arab.appspot.com\"}","GCLOUD_PROJECT":"ng-arab"},"runtime":"nodejs10","ingressSettings":"ALLOW_ALL","buildId":"c2fc1751-280f-4df0-8448-a02c7e9b9f03","buildName":"projects/221372823094/locations/us-central1/builds/c2fc1751-280f-4df0-8448-a02c7e9b9f03"},"versionId":"42","updateTime":"2021-09-19T06:19:04Z","buildId":"46a83628-221f-47ee-9b37-464fe2fb4225","buildName":"projects/221372823094/locations/us-central1/builds/46a83628-221f-47ee-9b37-464fe2fb4225"}}
